[2024-11-20T10:34:20.330+0000] {taskinstance.py:1157} INFO - Dependencies all met for dep_context=non-requeueable deps ti=<TaskInstance: wikipedia_flow.transform_wikipedia_data manual__2024-11-20T10:34:15.684990+00:00 [queued]>
[2024-11-20T10:34:20.334+0000] {taskinstance.py:1157} INFO - Dependencies all met for dep_context=requeueable deps ti=<TaskInstance: wikipedia_flow.transform_wikipedia_data manual__2024-11-20T10:34:15.684990+00:00 [queued]>
[2024-11-20T10:34:20.334+0000] {taskinstance.py:1359} INFO - Starting attempt 1 of 1
[2024-11-20T10:34:20.339+0000] {taskinstance.py:1380} INFO - Executing <Task(PythonOperator): transform_wikipedia_data> on 2024-11-20 10:34:15.684990+00:00
[2024-11-20T10:34:20.341+0000] {standard_task_runner.py:57} INFO - Started process 860 to run task
[2024-11-20T10:34:20.343+0000] {standard_task_runner.py:84} INFO - Running: ['***', 'tasks', 'run', 'wikipedia_flow', 'transform_wikipedia_data', 'manual__2024-11-20T10:34:15.684990+00:00', '--job-id', '17', '--raw', '--subdir', 'DAGS_FOLDER/wikipedia.py', '--cfg-path', '/tmp/tmp2hupqli0']
[2024-11-20T10:34:20.344+0000] {standard_task_runner.py:85} INFO - Job 17: Subtask transform_wikipedia_data
[2024-11-20T10:34:20.370+0000] {task_command.py:415} INFO - Running <TaskInstance: wikipedia_flow.transform_wikipedia_data manual__2024-11-20T10:34:15.684990+00:00 [running]> on host scheduler
[2024-11-20T10:34:20.410+0000] {taskinstance.py:1660} INFO - Exporting env vars: AIRFLOW_CTX_DAG_OWNER='ClarkSon Tech' AIRFLOW_CTX_DAG_ID='wikipedia_flow' AIRFLOW_CTX_TASK_ID='transform_wikipedia_data' AIRFLOW_CTX_EXECUTION_DATE='2024-11-20T10:34:15.684990+00:00' AIRFLOW_CTX_TRY_NUMBER='1' AIRFLOW_CTX_DAG_RUN_ID='manual__2024-11-20T10:34:15.684990+00:00'
[2024-11-20T10:34:21.635+0000] {base.py:396} INFO - Received an HTTP error (403): <html>
<head>
<title>Access blocked</title>
</head>
<body>
<h1>Access blocked</h1>

<p>You have been blocked because you have violated the
<a href="https://operations.osmfoundation.org/policies/nominatim/">usage policy</a>
of OSM's Nominatim geocoding service. Please be aware that OSM's resources are
limited and shared between many users. The usage policy is there to ensure that
the service remains usable for everybody.</p>

<p>Please review the terms and make sure that your
software adheres to the terms. You should in particular verify that you have set a
<b>custom HTTP referrer or HTTP user agent</b> that identifies your application, and
that you are not overusing the service with massive bulk requests.</p>

<p>If you feel that this block is unjustified or remains after you have adopted
your usage, you may contact the Nominatim system administrator at
nominatim@openstreetmap.org to have this block lifted.</p>
</body>
</head>

[2024-11-20T10:34:21.636+0000] {taskinstance.py:1935} ERROR - Task failed with exception
Traceback (most recent call last):
  File "/home/airflow/.local/lib/python3.9/site-packages/geopy/geocoders/base.py", line 368, in _call_geocoder
    result = self.adapter.get_json(url, timeout=timeout, headers=req_headers)
  File "/home/airflow/.local/lib/python3.9/site-packages/geopy/adapters.py", line 472, in get_json
    resp = self._request(url, timeout=timeout, headers=headers)
  File "/home/airflow/.local/lib/python3.9/site-packages/geopy/adapters.py", line 500, in _request
    raise AdapterHTTPError(
geopy.adapters.AdapterHTTPError: Non-successful status code 403

The above exception was the direct cause of the following exception:

Traceback (most recent call last):
  File "/home/airflow/.local/lib/python3.9/site-packages/airflow/operators/python.py", line 192, in execute
    return_value = self.execute_callable()
  File "/home/airflow/.local/lib/python3.9/site-packages/airflow/operators/python.py", line 209, in execute_callable
    return self.python_callable(*self.op_args, **self.op_kwargs)
  File "/opt/airflow/pipelines/wikipedia_pipeline.py", line 90, in transform_wikipedia_data
    stadiums_df['location'] = stadiums_df.apply(lambda x: get_lat_long(x['country'], x['stadium']), axis=1)
  File "/home/airflow/.local/lib/python3.9/site-packages/pandas/core/frame.py", line 10037, in apply
    return op.apply().__finalize__(self, method="apply")
  File "/home/airflow/.local/lib/python3.9/site-packages/pandas/core/apply.py", line 837, in apply
    return self.apply_standard()
  File "/home/airflow/.local/lib/python3.9/site-packages/pandas/core/apply.py", line 963, in apply_standard
    results, res_index = self.apply_series_generator()
  File "/home/airflow/.local/lib/python3.9/site-packages/pandas/core/apply.py", line 979, in apply_series_generator
    results[i] = self.func(v, *self.args, **self.kwargs)
  File "/opt/airflow/pipelines/wikipedia_pipeline.py", line 90, in <lambda>
    stadiums_df['location'] = stadiums_df.apply(lambda x: get_lat_long(x['country'], x['stadium']), axis=1)
  File "/opt/airflow/pipelines/wikipedia_pipeline.py", line 76, in get_lat_long
    location = geolocator.geocode(f'{city}, {country}')
  File "/home/airflow/.local/lib/python3.9/site-packages/geopy/geocoders/nominatim.py", line 297, in geocode
    return self._call_geocoder(url, callback, timeout=timeout)
  File "/home/airflow/.local/lib/python3.9/site-packages/geopy/geocoders/base.py", line 388, in _call_geocoder
    res = self._adapter_error_handler(error)
  File "/home/airflow/.local/lib/python3.9/site-packages/geopy/geocoders/base.py", line 411, in _adapter_error_handler
    raise exc_cls(str(error)) from error
geopy.exc.GeocoderInsufficientPrivileges: Non-successful status code 403
[2024-11-20T10:34:21.659+0000] {taskinstance.py:1398} INFO - Marking task as FAILED. dag_id=wikipedia_flow, task_id=transform_wikipedia_data, execution_date=20241120T103415, start_date=20241120T103420, end_date=20241120T103421
[2024-11-20T10:34:21.674+0000] {standard_task_runner.py:104} ERROR - Failed to execute job 17 for task transform_wikipedia_data (Non-successful status code 403; 860)
[2024-11-20T10:34:21.688+0000] {local_task_job_runner.py:228} INFO - Task exited with return code 1
[2024-11-20T10:34:21.712+0000] {taskinstance.py:2776} INFO - 0 downstream tasks scheduled from follow-on schedule check
